C51 COMPILER V9.54   KEY                                                                   07/16/2023 22:07:10 PAGE 1   


C51 COMPILER V9.54, COMPILATION OF MODULE KEY
OBJECT MODULE PLACED IN .\Objects\Key.obj
COMPILER INVOKED BY: C:\Keil_v5\C51\BIN\C51.EXE Key.c OPTIMIZE(8,SPEED) BROWSE DEBUG OBJECTEXTEND PRINT(.\Listings\Key.l
                    -st) TABS(2) OBJECT(.\Objects\Key.obj)

line level    source

   1          #include <REGX52.H>
   2          #include "Delay.h"
   3          
   4          /**
   5           * @brief  Retrieve the bottom ID of independent bottoms
   6           * @param None
   7           * @retval The ID # of the botom, from 0~4, where 0 means none pressed
   8           */
   9          unsigned char Key()
  10          {
  11   1        unsigned char KeyNumber = 0;
  12   1        
  13   1        if (P3_1 == 0){Delay(20); while (P3_1 == 0){} Delay(20); KeyNumber = 1;}
  14   1        if (P3_0 == 0){Delay(20); while (P3_0 == 0){} Delay(20); KeyNumber = 2;}
  15   1        if (P3_2 == 0){Delay(20); while (P3_2 == 0){} Delay(20); KeyNumber = 3;}
  16   1        if (P3_3 == 0){Delay(20); while (P3_3 == 0){} Delay(20); KeyNumber = 4;}
  17   1        
  18   1        return KeyNumber;
  19   1      } 


MODULE INFORMATION:   STATIC OVERLAYABLE
   CODE SIZE        =     97    ----
   CONSTANT SIZE    =   ----    ----
   XDATA SIZE       =   ----    ----
   PDATA SIZE       =   ----    ----
   DATA SIZE        =   ----       1
   IDATA SIZE       =   ----    ----
   BIT SIZE         =   ----    ----
END OF MODULE INFORMATION.


C51 COMPILATION COMPLETE.  0 WARNING(S),  0 ERROR(S)
