C51 COMPILER V9.54   BUZZER                                                                07/17/2023 20:14:46 PAGE 1   


C51 COMPILER V9.54, COMPILATION OF MODULE BUZZER
OBJECT MODULE PLACED IN .\Objects\Buzzer.obj
COMPILER INVOKED BY: C:\Keil_v5\C51\BIN\C51.EXE Buzzer.c OPTIMIZE(8,SPEED) BROWSE DEBUG OBJECTEXTEND PRINT(.\Listings\Bu
                    -zzer.lst) TABS(2) OBJECT(.\Objects\Buzzer.obj)

line level    source

   1          #include <REGX52.H>
   2          #include <INTRINS.H>
   3          #include "Delay.h"
   4          
   5          sbit Buzzer = P2^5;
   6          
   7          void Buzzer_Delay500us()    //@11.0592MHz
   8          {
   9   1        unsigned char i;
  10   1      
  11   1        _nop_();
  12   1        i = 227;
  13   1        while (--i);
  14   1      }
  15          
  16          
  17          
  18          void Buzzer_Time(unsigned int ms)
  19          {
  20   1          unsigned int i;
  21   1          for (i = 0; i < ms * 2; i ++) // *3 to make 500us to 1ms
  22   1          {
  23   2            Buzzer = !Buzzer;
  24   2            Buzzer_Delay500us(); // 500us, 1000Hz
  25   2          }
  26   1      }


MODULE INFORMATION:   STATIC OVERLAYABLE
   CODE SIZE        =     40    ----
   CONSTANT SIZE    =   ----    ----
   XDATA SIZE       =   ----    ----
   PDATA SIZE       =   ----    ----
   DATA SIZE        =   ----    ----
   IDATA SIZE       =   ----    ----
   BIT SIZE         =   ----    ----
END OF MODULE INFORMATION.


C51 COMPILATION COMPLETE.  0 WARNING(S),  0 ERROR(S)
