C51 COMPILER V9.54   INT0                                                                  07/27/2023 01:49:13 PAGE 1   


C51 COMPILER V9.54, COMPILATION OF MODULE INT0
OBJECT MODULE PLACED IN .\Objects\Int0.obj
COMPILER INVOKED BY: C:\Keil_v5\C51\BIN\C51.EXE Int0.c OPTIMIZE(8,SPEED) BROWSE DEBUG OBJECTEXTEND PRINT(.\Listings\Int0
                    -.lst) OBJECT(.\Objects\Int0.obj)

line level    source

   1          #include <REGX52.H>
   2          
   3          void Int0_Init()
   4          {
   5   1              // External Interrupt
   6   1              IT0 = 1; // GO down Trigger
   7   1              IE0 = 0; // Clear Intterrupt flag
   8   1              EX0 = 1; // Enable Single
   9   1              EA = 1; // Enable All
  10   1              PX0 = 1; // High Priority
  11   1      
  12   1      }
  13          
  14          /*
  15          // Interrupt
  16          void Int0_Routine() interrupt 0
  17          {
  18                  Num ++;
  19          }
  20          */


MODULE INFORMATION:   STATIC OVERLAYABLE
   CODE SIZE        =     11    ----
   CONSTANT SIZE    =   ----    ----
   XDATA SIZE       =   ----    ----
   PDATA SIZE       =   ----    ----
   DATA SIZE        =   ----    ----
   IDATA SIZE       =   ----    ----
   BIT SIZE         =   ----    ----
END OF MODULE INFORMATION.


C51 COMPILATION COMPLETE.  0 WARNING(S),  0 ERROR(S)
