C51 COMPILER V9.54   MAIN                                                                  07/27/2023 01:55:13 PAGE 1   


C51 COMPILER V9.54, COMPILATION OF MODULE MAIN
OBJECT MODULE PLACED IN .\Objects\main.obj
COMPILER INVOKED BY: C:\Keil_v5\C51\BIN\C51.EXE main.c OPTIMIZE(8,SPEED) BROWSE DEBUG OBJECTEXTEND PRINT(.\Listings\main
                    -.lst) OBJECT(.\Objects\main.obj)

line level    source

   1          #include <REGX52.H>
   2          #include "Key.h"
   3          #include "Delay.h"
   4          #include "Nixie.h"
   5          #include "Motor.h"
   6          #include "IR.h"
   7          
   8          unsigned char Command, Speed;
   9          
  10          
  11          void main()
  12          {
  13   1              Motor_Init();
  14   1              IR_Init();
  15   1              
  16   1              while(1)
  17   1              {
  18   2      
  19   2                      if (IR_GetDataFlag())
  20   2                      {
  21   3                              Command = IR_GetCommand();
  22   3                              if (Command == IR_0)Speed = 0;
  23   3                              if (Command == IR_1)Speed = 1;
  24   3                              if (Command == IR_2)Speed = 2;
  25   3                              if (Command == IR_3)Speed = 3;
  26   3                                      
  27   3                              if (Speed == 0) Motor_SetSpeed(0);
  28   3                              if (Speed == 1) Motor_SetSpeed(50);
  29   3                              if (Speed == 2) Motor_SetSpeed(75);
  30   3                              if (Speed == 3) Motor_SetSpeed(100);
  31   3                      }
  32   2                      Nixie(1, Speed);                        
  33   2              }
  34   1      }
  35          


MODULE INFORMATION:   STATIC OVERLAYABLE
   CODE SIZE        =     99    ----
   CONSTANT SIZE    =   ----    ----
   XDATA SIZE       =   ----    ----
   PDATA SIZE       =   ----    ----
   DATA SIZE        =      2    ----
   IDATA SIZE       =   ----    ----
   BIT SIZE         =   ----    ----
END OF MODULE INFORMATION.


C51 COMPILATION COMPLETE.  0 WARNING(S),  0 ERROR(S)
