C51 COMPILER V9.54   MAIN                                                                  07/24/2023 23:52:52 PAGE 1   


C51 COMPILER V9.54, COMPILATION OF MODULE MAIN
OBJECT MODULE PLACED IN .\Objects\main.obj
COMPILER INVOKED BY: C:\Keil_v5\C51\BIN\C51.EXE main.c OPTIMIZE(8,SPEED) BROWSE DEBUG OBJECTEXTEND PRINT(.\Listings\main
                    -.lst) OBJECT(.\Objects\main.obj)

line level    source

   1          #include <REGX52.H>
   2          
   3          sbit LED = P2^0;
   4          
   5          void Delay(unsigned int t)
   6          {
   7   1              while(t --);
   8   1      }
   9          
  10          
  11          void main()
  12          {
  13   1              unsigned char Time, i;
  14   1              while(1)
  15   1              {
  16   2                      // Go l\Light
  17   2                      for (Time = 0; Time < 100; Time ++) // Brightness changes every time
  18   2                      {
  19   3                              for (i = 0; i < 20; i ++) // Every Brightness run for 20 times
  20   3                              {
  21   4                                      LED = 0; // On
  22   4                                      Delay(Time);
  23   4                                      
  24   4                                      LED = 1;
  25   4                                      Delay(100 - Time); // Off, 100 - makesure period is same
  26   4      
  27   4                              }
  28   3                      }
  29   2                      // Go Dim
  30   2                      for (Time = 100; Time > 0; Time --) // Brightness changes every time
  31   2                      {
  32   3                              for (i = 0; i < 20; i ++) // Every Brightness run for 20 times
  33   3                              {
  34   4                                      LED = 0; // On
  35   4                                      Delay(Time);
  36   4                                      
  37   4                                      LED = 1;
  38   4                                      Delay(100 - Time); // Off, 100 - makesure period is same
  39   4      
  40   4                              }
  41   3                      }
  42   2                      
  43   2              }
  44   1      }


MODULE INFORMATION:   STATIC OVERLAYABLE
   CODE SIZE        =     68    ----
   CONSTANT SIZE    =   ----    ----
   XDATA SIZE       =   ----    ----
   PDATA SIZE       =   ----    ----
   DATA SIZE        =   ----    ----
   IDATA SIZE       =   ----    ----
   BIT SIZE         =   ----    ----
C51 COMPILER V9.54   MAIN                                                                  07/24/2023 23:52:52 PAGE 2   

END OF MODULE INFORMATION.


C51 COMPILATION COMPLETE.  0 WARNING(S),  0 ERROR(S)
