C51 COMPILER V9.54   UART                                                                  06/24/2023 23:16:36 PAGE 1   


C51 COMPILER V9.54, COMPILATION OF MODULE UART
OBJECT MODULE PLACED IN .\Objects\UART.obj
COMPILER INVOKED BY: C:\Keil5\C51\BIN\C51.EXE UART.c OPTIMIZE(8,SPEED) BROWSE DEBUG OBJECTEXTEND PRINT(.\Listings\UART.l
                    -st) OBJECT(.\Objects\UART.obj)

line level    source

   1          #include <REGX52.H>
   2          
   3          void UART_Init()
   4          {
   5   1              // Serical Control
   6   1              SCON = 0x40;
   7   1              // Power
   8   1              PCON |= 0x80; // Double B rate(For acdcuracy)
   9   1              
  10   1              // Timer 1
  11   1              // Set up TMOD
  12   1              TMOD = TMOD&0x0F; 
  13   1              TMOD = TMOD|0X20;  // 8 bit auto reload
  14   1              
  15   1              TR1 = 1;
  16   1              TL1 = 0xF4;             //Initial timer value
  17   1              TH1 = 0xF4;             //Set reload value
  18   1              
  19   1              // Interupt
  20   1              ET1 = 0;
  21   1      }
  22          
  23          void UART_SendByte(unsigned char Byte)
  24          {
  25   1              SBUF = Byte; // Put suff into buffer
  26   1              while (TI == 0){} // Wait for flag
  27   1              TI = 0;
  28   1      }


MODULE INFORMATION:   STATIC OVERLAYABLE
   CODE SIZE        =     31    ----
   CONSTANT SIZE    =   ----    ----
   XDATA SIZE       =   ----    ----
   PDATA SIZE       =   ----    ----
   DATA SIZE        =   ----    ----
   IDATA SIZE       =   ----    ----
   BIT SIZE         =   ----    ----
END OF MODULE INFORMATION.


C51 COMPILATION COMPLETE.  0 WARNING(S),  0 ERROR(S)
