C51 COMPILER V9.54   MAIN                                                                  07/15/2023 21:36:34 PAGE 1   


C51 COMPILER V9.54, COMPILATION OF MODULE MAIN
OBJECT MODULE PLACED IN .\Objects\main.obj
COMPILER INVOKED BY: C:\Keil5\C51\BIN\C51.EXE main.c OPTIMIZE(8,SPEED) BROWSE DEBUG OBJECTEXTEND PRINT(.\Listings\main.l
                    -st) OBJECT(.\Objects\main.obj)

line level    source

   1          #include <REGX52.H>
   2          #include "Delay.h"
   3          #include "MatrixLED.h"
   4          
   5          unsigned char code Animation[] =  // Place in Flash
   6          {
   7          0x00,0x00,0x00,0x00,0x00,0x00,0x00,0x00,
   8          0xFF,0x80,0x80,0xFF,0x01,0x01,0xFF,0x00,0x9F,0x99,0x99,0x99,0x99,0xF9,0x00,0xFF,
   9          0xA5,0xA5,0xA5,0xFF,0x00,0xFF,0x18,0x18,0x18,0x7E,0x7E,0x18,0x18,0x18,0xFF,0x00,
  10          0x00,0x00,0x00,0x00,0x00,0x00,0x00,0x00
  11          };
  12          
  13          void main()
  14          {
  15   1              unsigned char i, Offset = 1, Count = 0;
  16   1              MatrixLED_Init();
  17   1              while(1)
  18   1              {
  19   2                      for (i = 0; i < 8; i ++)
  20   2                      {
  21   3                              MatrixLED_ShowColumn(i, Animation[i + Offset]);
  22   3                      }
  23   2                      
  24   2                      // Use this as delay
  25   2                      Count ++;
  26   2                      if (Count > 10)
  27   2                      {
  28   3                              Count = 0;
  29   3                              Offset ++; // +8 when want instant change
  30   3                              if (Offset > 40)
  31   3                                      Offset = 0;
  32   3                      }
  33   2              }
  34   1      }


MODULE INFORMATION:   STATIC OVERLAYABLE
   CODE SIZE        =     63    ----
   CONSTANT SIZE    =     48    ----
   XDATA SIZE       =   ----    ----
   PDATA SIZE       =   ----    ----
   DATA SIZE        =   ----       3
   IDATA SIZE       =   ----    ----
   BIT SIZE         =   ----    ----
END OF MODULE INFORMATION.


C51 COMPILATION COMPLETE.  0 WARNING(S),  0 ERROR(S)
