C51 COMPILER V9.54   MATRIXLED                                                             07/14/2023 23:29:21 PAGE 1   


C51 COMPILER V9.54, COMPILATION OF MODULE MATRIXLED
OBJECT MODULE PLACED IN .\Objects\MatrixLED.obj
COMPILER INVOKED BY: C:\Keil5\C51\BIN\C51.EXE MatrixLED.c OPTIMIZE(8,SPEED) BROWSE DEBUG OBJECTEXTEND PRINT(.\Listings\M
                    -atrixLED.lst) OBJECT(.\Objects\MatrixLED.obj)

line level    source

   1          #include <REGX52.H>
   2          #include "Delay.h"
   3          
   4          sbit RCK = P3^5; // RCLK
   5          sbit SCK = P3^6; // SCLK
   6          sbit SER = P3^4;
   7          #define MATRIX_LED_PORT         P0
   8          
   9          
  10          /**
  11           * @brief 74HC595 Write A Byte
  12           * @param Byte to be written
  13           * @retval None
  14           */
  15          void _74HC595_WriteByte(unsigned char Byte)
  16          {
  17   1              unsigned char i;
  18   1              for (i = 0; i < 8; i ++)
  19   1              {
  20   2                      SER = Byte&(0x80>>i); // Not Zero then One & 1000 000, move 1 to right, devide by 2
  21   2                      SCK = 1; // Move
  22   2                      SCK = 0; // Reset
  23   2              }
  24   1              RCK = 1; RCK = 0; // Shift data into ports
  25   1      }
  26          
  27          
  28          /**
  29           * @brief MatrixLED Initialization
  30           * @param None
  31           * @retval None
  32           */
  33          void MatrixLED_Init()
  34          {
  35   1              SCK = 0; // Initially this is zero
  36   1              RCK = 0;
  37   1      }
  38          
  39          
  40          
  41          /**
  42           * @brief LED Matrix show onw column of data
  43           * @param Column: column to be selected, range 0 - 7
  44           * @param Data: What to show on that column, Range 0 - 255, 1 is on 0 is off
  45           * @retval None
  46           */
  47          void MatrixLED_ShowColumn(unsigned char Column, Data)
  48          {
  49   1              _74HC595_WriteByte(Data);
  50   1              // First Column is 0
  51   1              MATRIX_LED_PORT = ~(0x80 >> Column); // Use this to determine which column
  52   1              Delay(1);
  53   1              MATRIX_LED_PORT = 0xFF; // Clear to prevent shading
  54   1      }
C51 COMPILER V9.54   MATRIXLED                                                             07/14/2023 23:29:21 PAGE 2   



MODULE INFORMATION:   STATIC OVERLAYABLE
   CODE SIZE        =     84    ----
   CONSTANT SIZE    =   ----    ----
   XDATA SIZE       =   ----    ----
   PDATA SIZE       =   ----    ----
   DATA SIZE        =   ----    ----
   IDATA SIZE       =   ----    ----
   BIT SIZE         =   ----    ----
END OF MODULE INFORMATION.


C51 COMPILATION COMPLETE.  0 WARNING(S),  0 ERROR(S)
