C51 COMPILER V9.54   KEY                                                                   07/20/2023 17:12:35 PAGE 1   


C51 COMPILER V9.54, COMPILATION OF MODULE KEY
OBJECT MODULE PLACED IN .\Objects\Key.obj
COMPILER INVOKED BY: C:\Keil_v5\C51\BIN\C51.EXE Key.c OPTIMIZE(8,SPEED) BROWSE DEBUG OBJECTEXTEND PRINT(.\Listings\Key.l
                    -st) OBJECT(.\Objects\Key.obj)

line level    source

   1          #include <REGX52.H>
   2          #include "Delay.h"
   3          
   4          unsigned char Key_KeyNumber;
   5          
   6          unsigned char Key()
   7          {
   8   1              unsigned char Temp = 0; // Need to have a temp variable to allow clearing bottomNum after release
   9   1              Temp = Key_KeyNumber;
  10   1              Key_KeyNumber = 0;
  11   1              return Temp;
  12   1      }
  13          
  14          
  15          unsigned char Key_GetState()
  16          {
  17   1              unsigned char KeyNumber = 0;
  18   1              
  19   1              if (P3_1 == 0){KeyNumber = 1;}
  20   1              if (P3_0 == 0){KeyNumber = 2;}
  21   1              if (P3_2 == 0){KeyNumber = 3;}
  22   1              if (P3_3 == 0){KeyNumber = 4;}
  23   1              
  24   1              return KeyNumber;
  25   1      } 
  26          
  27          void Key_Loop()
  28          {
  29   1              static unsigned char NowState, LastState;
  30   1              LastState = NowState; // Push last sate to correct var
  31   1              NowState = Key_GetState(); // Get current state
  32   1              
  33   1              // Release key 1 here
  34   1              if (LastState == 1 && NowState == 0) 
  35   1              {Key_KeyNumber = 1;}
  36   1              // Release key 2 here
  37   1              if (LastState == 2 && NowState == 0) 
  38   1              {Key_KeyNumber = 2;}
  39   1              // Release key 3 here
  40   1              if (LastState == 3 && NowState == 0) 
  41   1              {Key_KeyNumber = 3;}
  42   1              // Release key 4 here
  43   1              if (LastState == 4 && NowState == 0) 
  44   1              {Key_KeyNumber = 4;}
  45   1      }


MODULE INFORMATION:   STATIC OVERLAYABLE
   CODE SIZE        =     85    ----
   CONSTANT SIZE    =   ----    ----
   XDATA SIZE       =   ----    ----
   PDATA SIZE       =   ----    ----
   DATA SIZE        =      3    ----
   IDATA SIZE       =   ----    ----
C51 COMPILER V9.54   KEY                                                                   07/20/2023 17:12:35 PAGE 2   

   BIT SIZE         =   ----    ----
END OF MODULE INFORMATION.


C51 COMPILATION COMPLETE.  0 WARNING(S),  0 ERROR(S)
