C51 COMPILER V9.54   MAIN                                                                  07/14/2023 23:16:12 PAGE 1   


C51 COMPILER V9.54, COMPILATION OF MODULE MAIN
OBJECT MODULE PLACED IN .\Objects\main.obj
COMPILER INVOKED BY: C:\Keil5\C51\BIN\C51.EXE main.c OPTIMIZE(8,SPEED) BROWSE DEBUG OBJECTEXTEND PRINT(.\Listings\main.l
                    -st) OBJECT(.\Objects\main.obj)

line level    source

   1          #include <REGX52.H>
   2          #include "Delay.h"
   3          
   4          sbit RCK = P3^5; // RCLK
   5          sbit SCK = P3^6; // SCLK
   6          sbit SER = P3^4;
   7          #define MATRIX_LED_PORT         P0
   8          
   9          void _74HC595_WriteByte(unsigned char Byte)
  10          {
  11   1              unsigned char i;
  12   1              for (i = 0; i < 8; i ++)
  13   1              {
  14   2                      SER = Byte&(0x80>>i); // Not Zero then One & 1000 000, move 1 to right, devide by 2
  15   2                      SCK = 1; // Move
  16   2                      SCK = 0; // Reset
  17   2              }
  18   1              RCK = 1; RCK = 0; // Shift data into ports
  19   1      }
  20          
  21          
  22          // Every Column
  23          void MatrixLED_ShowColumn(unsigned char Column, Data)
  24          {
  25   1              _74HC595_WriteByte(Data);
  26   1              // First Column is 0
  27   1              MATRIX_LED_PORT = ~(0x80 >> Column); // Use this to determine which column
  28   1              Delay(1);
  29   1              MATRIX_LED_PORT = 0xFF; // Clear to prevent shading
  30   1      }
  31          
  32          void main()
  33          {
  34   1              SCK = 0; // Initially this is zero
  35   1              RCK = 0;
  36   1              while(1)
  37   1              {
  38   2                      MatrixLED_ShowColumn(0, 0x3C);
  39   2                      MatrixLED_ShowColumn(1, 0x42);
  40   2                      MatrixLED_ShowColumn(2, 0xA9);
  41   2                      MatrixLED_ShowColumn(3, 0x85);
  42   2                      MatrixLED_ShowColumn(4, 0x85);
  43   2                      MatrixLED_ShowColumn(5, 0xA9);
  44   2                      MatrixLED_ShowColumn(6, 0x42);
  45   2                      MatrixLED_ShowColumn(7, 0x3C);
  46   2              }
  47   1      }


MODULE INFORMATION:   STATIC OVERLAYABLE
   CODE SIZE        =    157    ----
   CONSTANT SIZE    =   ----    ----
   XDATA SIZE       =   ----    ----
   PDATA SIZE       =   ----    ----
C51 COMPILER V9.54   MAIN                                                                  07/14/2023 23:16:12 PAGE 2   

   DATA SIZE        =   ----    ----
   IDATA SIZE       =   ----    ----
   BIT SIZE         =   ----    ----
END OF MODULE INFORMATION.


C51 COMPILATION COMPLETE.  0 WARNING(S),  0 ERROR(S)
