C51 COMPILER V9.54   XPT2046                                                               07/25/2023 23:52:33 PAGE 1   


C51 COMPILER V9.54, COMPILATION OF MODULE XPT2046
OBJECT MODULE PLACED IN .\Objects\XPT2046.obj
COMPILER INVOKED BY: C:\Keil_v5\C51\BIN\C51.EXE XPT2046.c OPTIMIZE(8,SPEED) BROWSE DEBUG OBJECTEXTEND PRINT(.\Listings\X
                    -PT2046.lst) OBJECT(.\Objects\XPT2046.obj)

line level    source

   1          #include <REGX52.H>
   2          #include "Delay.h"
   3          
   4          sbit XPT2046_CS = P3^5;
   5          sbit XPT2046_DCLK = P3^6;
   6          sbit XPT2046_DIN = P3^4;
   7          sbit XPT2046_DOUT = P3^7;
   8          
   9          unsigned int XPT2046_ReadAD(unsigned char Command)
  10          {
  11   1              unsigned char i;
  12   1              unsigned int ADValue = 0;
  13   1              
  14   1              XPT2046_DCLK = 0; // Initialization 
  15   1              XPT2046_CS = 0;
  16   1              
  17   1              // Send Command
  18   1              for (i = 0; i < 8; i ++)
  19   1              {
  20   2                      XPT2046_DIN = Command & (0x80 >> i);
  21   2                      XPT2046_DCLK = 1;
  22   2                      // Delay(1);
  23   2                      XPT2046_DCLK = 0;
  24   2              }
  25   1              
  26   1              // Read Data
  27   1              for (i = 0; i < 16; i ++)
  28   1              {
  29   2                      XPT2046_DCLK = 1;
  30   2                      XPT2046_DCLK = 0;
  31   2                              // Coming, get 1s
  32   2                      
  33   2                      if(XPT2046_DOUT) ADValue |= (0x8000 >> i); //. 16 bits
  34   2              }
  35   1              
  36   1              // End this
  37   1              XPT2046_CS = 1;
  38   1              
  39   1              if(Command & 0x08) // 8 bits
  40   1              {
  41   2                      return ADValue >> 8; // 8 bit mode only uses forst 8bits in 16 bits
  42   2              }
  43   1              else
  44   1              {
  45   2                      return ADValue >> 4; 
  46   2              }
  47   1      
  48   1      }


MODULE INFORMATION:   STATIC OVERLAYABLE
   CODE SIZE        =    110    ----
   CONSTANT SIZE    =   ----    ----
   XDATA SIZE       =   ----    ----
C51 COMPILER V9.54   XPT2046                                                               07/25/2023 23:52:33 PAGE 2   

   PDATA SIZE       =   ----    ----
   DATA SIZE        =   ----       2
   IDATA SIZE       =   ----    ----
   BIT SIZE         =   ----    ----
END OF MODULE INFORMATION.


C51 COMPILATION COMPLETE.  0 WARNING(S),  0 ERROR(S)
