C51 COMPILER V9.54   MAIN                                                                  07/16/2023 20:19:20 PAGE 1   


C51 COMPILER V9.54, COMPILATION OF MODULE MAIN
OBJECT MODULE PLACED IN .\Objects\main.obj
COMPILER INVOKED BY: C:\Keil5\C51\BIN\C51.EXE main.c OPTIMIZE(8,SPEED) BROWSE DEBUG OBJECTEXTEND PRINT(.\Listings\main.l
                    -st) OBJECT(.\Objects\main.obj)

line level    source

   1          #include <REGX52.H>
   2          #include "LCD1602.h"
   3          #include "DS1302.h"
   4          #include "Delay.h"
   5          
   6          void main()
   7          {
   8   1              LCD_Init();
   9   1              DS1302_Init();
  10   1              LCD_ShowString(1, 1, "  -  -  ");
  11   1              LCD_ShowString(2, 1, "  :  :  ");
  12   1              
  13   1              
  14   1              DS1302_SetTime();
  15   1      
  16   1              
  17   1              while(1)
  18   1              {
  19   2                      DS1302_ReadTime();
  20   2                      LCD_ShowNum(1, 1, DS1302_Time[0], 2);
  21   2                      LCD_ShowNum(1, 4, DS1302_Time[1], 2);
  22   2                      LCD_ShowNum(1, 7, DS1302_Time[2], 2);
  23   2                      LCD_ShowNum(2, 1, DS1302_Time[3], 2);
  24   2                      LCD_ShowNum(2, 4, DS1302_Time[4], 2);
  25   2                      LCD_ShowNum(2, 7, DS1302_Time[5], 2);
  26   2              }
  27   1      }


MODULE INFORMATION:   STATIC OVERLAYABLE
   CODE SIZE        =    130    ----
   CONSTANT SIZE    =     18    ----
   XDATA SIZE       =   ----    ----
   PDATA SIZE       =   ----    ----
   DATA SIZE        =   ----    ----
   IDATA SIZE       =   ----    ----
   BIT SIZE         =   ----    ----
END OF MODULE INFORMATION.


C51 COMPILATION COMPLETE.  0 WARNING(S),  0 ERROR(S)
