C51 COMPILER V9.54   MAIN                                                                  07/21/2023 23:52:42 PAGE 1   


C51 COMPILER V9.54, COMPILATION OF MODULE MAIN
OBJECT MODULE PLACED IN .\Objects\main.obj
COMPILER INVOKED BY: C:\Keil_v5\C51\BIN\C51.EXE main.c OPTIMIZE(8,SPEED) BROWSE DEBUG OBJECTEXTEND PRINT(.\Listings\main
                    -.lst) OBJECT(.\Objects\main.obj)

line level    source

   1          #include <REGX52.H>
   2          #include "LCD1602.h"
   3          #include "DS18B20.h"
   4          #include "Delay.h"
   5          
   6          float T;
   7          
   8          void main()
   9          {
  10   1              LCD_Init();
  11   1              
  12   1              // Make sure no default value show, taking time to setup
  13   1              DS18B20_ConvertT();
  14   1              Delay(1000);
  15   1              
  16   1              LCD_ShowString(1, 1, "Temperature");
  17   1      
  18   1              while(1)
  19   1              {
  20   2                      DS18B20_ConvertT();
  21   2                      T = DS18B20_ReadT();
  22   2                      // Take float Apart
  23   2                      // Show sign
  24   2                      if (T < 0) 
  25   2                      {
  26   3                              LCD_ShowChar(2, 1, '-');
  27   3                              T = -T; // Make into positive
  28   3                      }
  29   2                      else 
  30   2                      {LCD_ShowChar(2, 1, '+');}
  31   2                      // Show Num
  32   2                      LCD_ShowNum(2, 2, T, 3); //AUto lost float part
  33   2                      LCD_ShowChar(2, 5, '.');
  34   2                      LCD_ShowNum(2, 6, ((unsigned long)(T*10000))%10000, 4); // Get floating point gone first, change to long
             - then mod
  35   2                      // Cannnot % a float
  36   2              }
  37   1      }


MODULE INFORMATION:   STATIC OVERLAYABLE
   CODE SIZE        =    176    ----
   CONSTANT SIZE    =     12    ----
   XDATA SIZE       =   ----    ----
   PDATA SIZE       =   ----    ----
   DATA SIZE        =      4    ----
   IDATA SIZE       =   ----    ----
   BIT SIZE         =   ----    ----
END OF MODULE INFORMATION.


C51 COMPILATION COMPLETE.  0 WARNING(S),  0 ERROR(S)
