C51 COMPILER V9.54   ONEWIRE                                                               07/21/2023 23:17:39 PAGE 1   


C51 COMPILER V9.54, COMPILATION OF MODULE ONEWIRE
OBJECT MODULE PLACED IN .\Objects\OneWire.obj
COMPILER INVOKED BY: C:\Keil_v5\C51\BIN\C51.EXE OneWire.c OPTIMIZE(8,SPEED) BROWSE DEBUG OBJECTEXTEND PRINT(.\Listings\O
                    -neWire.lst) OBJECT(.\Objects\OneWire.obj)

line level    source

   1          #include <REGX52.H>
   2          #include <INTRINS.H>
   3          
   4          sbit OneWire_DQ = P3^7;
   5          
   6          unsigned char OneWire_Init()
   7          {
   8   1              unsigned char i;
   9   1              unsigned char AckBit;
  10   1              OneWire_DQ = 1; // Make into 1 first
  11   1              
  12   1              // DOM pull down DQ and release
  13   1              OneWire_DQ = 0; // Enter Init
  14   1                      
  15   1              // Delay 500us(480)
  16   1              _nop_();
  17   1              i = 227;
  18   1              while (--i);
  19   1              
  20   1              OneWire_DQ = 1;
  21   1              
  22   1              // SUB Pull DOwn And Release
  23   1              // Delay 70 us
  24   1              _nop_();
  25   1              i = 29;
  26   1              while (--i);
  27   1              
  28   1              AckBit = OneWire_DQ; // Store Ack
  29   1              
  30   1              // Delay 500us(480) till cycle complete
  31   1              _nop_();
  32   1              i = 227;
  33   1              while (--i);
  34   1              
  35   1              return AckBit;
  36   1      }
  37          
  38          void OneWire_SendBit(unsigned char Bit)
  39          {
  40   1              unsigned char i;
  41   1              OneWire_DQ = 0; // Restore, Begin
  42   1              
  43   1              // Delay 14 us - 4 = 10 // Call function takes 4 us
  44   1              _nop_();
  45   1              i = 3;
  46   1              while (--i);
  47   1              
  48   1              // IF 
  49   1              OneWire_DQ = Bit; // Dependingon input, let go or not
  50   1              // Decide what to send
  51   1              
  52   1              // Delay 54us - 4 = 50
  53   1              _nop_();
  54   1              i = 22;
C51 COMPILER V9.54   ONEWIRE                                                               07/21/2023 23:17:39 PAGE 2   

  55   1              while (--i);
  56   1              
  57   1              OneWire_DQ = 1;
  58   1      }
  59          
  60          
  61          unsigned char OneWire_RecieveBit()
  62          {
  63   1              unsigned char Bit;
  64   1              unsigned char i;
  65   1              OneWire_DQ = 0; // Init
  66   1              
  67   1              // Delay 5us (9us)
  68   1              _nop_();
  69   1              i = 1;
  70   1              while (--i);
  71   1              
  72   1              OneWire_DQ = 1;
  73   1              
  74   1              // Delay 5us (9us)
  75   1              _nop_();
  76   1              i = 1;
  77   1              while (--i);
  78   1              
  79   1              // Read
  80   1              Bit = OneWire_DQ;
  81   1              
  82   1              // Delay 54us - 4 = 50
  83   1              _nop_();
  84   1              i = 22;
  85   1              while (--i);
  86   1              
  87   1              // OneWire_DQ = 1; SUB will do this
  88   1              
  89   1              return Bit;
  90   1      }
  91          
  92          void OneWire_SendByte(unsigned char Byte)
  93          {
  94   1              unsigned char i;
  95   1              for (i = 0; i < 8; i ++)
  96   1              {
  97   2                      OneWire_SendBit(Byte&(0x01 << i));
  98   2              }
  99   1      }
 100          
 101          unsigned char OneWire_RecieveByte()
 102          {
 103   1                      unsigned char i, Byte = 0x00;
 104   1              for (i = 0; i < 8; i ++)
 105   1              {
 106   2                      if (OneWire_RecieveBit()){Byte |= (0x01 << i);}
 107   2              }
 108   1              
 109   1              return Byte;
 110   1      }


MODULE INFORMATION:   STATIC OVERLAYABLE
   CODE SIZE        =    130    ----
   CONSTANT SIZE    =   ----    ----
   XDATA SIZE       =   ----    ----
C51 COMPILER V9.54   ONEWIRE                                                               07/21/2023 23:17:39 PAGE 3   

   PDATA SIZE       =   ----    ----
   DATA SIZE        =   ----    ----
   IDATA SIZE       =   ----    ----
   BIT SIZE         =   ----    ----
END OF MODULE INFORMATION.


C51 COMPILATION COMPLETE.  0 WARNING(S),  0 ERROR(S)
