C51 COMPILER V9.54   MAIN                                                                  07/12/2023 14:58:20 PAGE 1   


C51 COMPILER V9.54, COMPILATION OF MODULE MAIN
OBJECT MODULE PLACED IN .\Objects\main.obj
COMPILER INVOKED BY: C:\Keil5\C51\BIN\C51.EXE main.c OPTIMIZE(8,SPEED) BROWSE DEBUG OBJECTEXTEND PRINT(.\Listings\main.l
                    -st) OBJECT(.\Objects\main.obj)

line level    source

   1          #include <REGX52.H>
   2          #include "Delay.h"
   3          #include "UART.h"
   4          
   5          unsigned char Sec;
   6          
   7          void main()
   8          {
   9   1              UART_Init();
  10   1      
  11   1              while(1)
  12   1              {
  13   2      
  14   2              }
  15   1      }
  16          
  17          void UART_Routine() interrupt 4
  18          {
  19   1              if(RI == 1)
  20   1              {
  21   2                      P2 = ~SBUF;
  22   2                      UART_SendByte(SBUF);
  23   2                      RI = 0; // reset RI 
  24   2              }
  25   1      }


MODULE INFORMATION:   STATIC OVERLAYABLE
   CODE SIZE        =     76    ----
   CONSTANT SIZE    =   ----    ----
   XDATA SIZE       =   ----    ----
   PDATA SIZE       =   ----    ----
   DATA SIZE        =      1    ----
   IDATA SIZE       =   ----    ----
   BIT SIZE         =   ----    ----
END OF MODULE INFORMATION.


C51 COMPILATION COMPLETE.  0 WARNING(S),  0 ERROR(S)
