C51 COMPILER V9.54   LCD1602                                                               07/24/2023 00:03:43 PAGE 1   


C51 COMPILER V9.54, COMPILATION OF MODULE LCD1602
OBJECT MODULE PLACED IN .\Objects\LCD1602.obj
COMPILER INVOKED BY: C:\Keil_v5\C51\BIN\C51.EXE LCD1602.c OPTIMIZE(8,SPEED) BROWSE DEBUG OBJECTEXTEND PRINT(.\Listings\L
                    -CD1602.lst) OBJECT(.\Objects\LCD1602.obj)

line level    source

   1          #include <REGX52.H>
   2          #include <INTRINS.H>
   3          
   4          sbit LCD_RS = P2^6;
   5          sbit LCD_RW = P2^5;
   6          sbit LCD_E  = P2^7;
   7          #define LCD_DataPort    P0
   8          
   9          void LCD_Delay()                //@11.0592MHz, 1ms
  10          {
  11   1              unsigned char i, j;
  12   1      
  13   1              _nop_();
  14   1              i = 2;
  15   1              j = 199;
  16   1              do
  17   1              {
  18   2                      while (--j);
  19   2              } while (--i);
  20   1      }
  21          
  22          
  23          void LCD_WriteCommand(unsigned char Command)
  24          {
  25   1              LCD_RS = 0;
  26   1              LCD_RW = 0;
  27   1              LCD_DataPort = Command;
  28   1              LCD_E = 1;
  29   1              LCD_Delay();
  30   1              LCD_E = 0;
  31   1              LCD_Delay();
  32   1      }
  33          
  34          void LCD_WriteData(unsigned char Data)
  35          {
  36   1              LCD_RS = 1; // Only Difference here
  37   1              LCD_RW = 0;
  38   1              LCD_DataPort = Data;
  39   1              LCD_E = 1;
  40   1              LCD_Delay();
  41   1              LCD_E = 0;
  42   1              LCD_Delay();
  43   1      }
  44          
  45          void LCD_Init()
  46          {
  47   1              LCD_WriteCommand(0x38); // Mode: 8 Pins, 2 Rows, 5*7 Res
  48   1              LCD_WriteCommand(0x0C); // Display on, Cursor off, Flashing off
  49   1              LCD_WriteCommand(0x06); // After write, Display unchange, Pointer ++
  50   1              LCD_WriteCommand(0x01); // Clear screen
  51   1      }
  52          
  53          
  54          void LCD_SetCursor(unsigned char Line, unsigned char Column)
C51 COMPILER V9.54   LCD1602                                                               07/24/2023 00:03:43 PAGE 2   

  55          {
  56   1              if (Line == 1)
  57   1                      LCD_WriteCommand((Column - 1)|0x80); // Display Address
  58   1              else
  59   1                      LCD_WriteCommand((Column - 1)|0x80 + 0x40); // Display Address  
  60   1      }
  61          
  62          void LCD_ShowChar(unsigned char Line, unsigned char Column, unsigned char Char)
  63          {
  64   1              // Set Location
  65   1              LCD_SetCursor(Line, Column);
  66   1              
  67   1              LCD_WriteData(Char);
  68   1      }
  69          
  70          void LCD_ShowString(unsigned char Line, unsigned char Column, unsigned char *String)
  71          {
  72   1              unsigned char i;
  73   1              
  74   1              // Set Location
  75   1              LCD_SetCursor(Line, Column);
  76   1              
  77   1              for (i = 0; String[i] != '\0'; i ++)
  78   1              {
  79   2                      LCD_WriteData(String[i]);       // Auto move to next spot by setting
  80   2              }
  81   1      }
  82          
  83          int LCD_Pow(int X, int Y)
  84          {
  85   1      //      unsigned int i;
  86   1      //      int Result;
  87   1      //      for (i = 0; i < Y; i ++)
  88   1      //      {
  89   1      //              Result *= X;
  90   1      //      }
  91   1      //      
  92   1      //      return Result;
  93   1              
  94   1      // Recursion for fun
  95   1              if (Y == 0)
  96   1                      return 1;
  97   1              else if (Y == 1)
  98   1                      return X;
  99   1              
 100   1              return X * LCD_Pow(X, Y - 1);
*** WARNING C265 IN LINE 100 OF LCD1602.c: '_LCD_Pow': recursive call to non-reentrant function
 101   1      }
 102          
 103          void LCD_ShowNum(unsigned char Line, unsigned char Column, unsigned int Number, unsigned char Length)
 104          {
 105   1              unsigned char i;
 106   1              
 107   1              // Set Location
 108   1              LCD_SetCursor(Line, Column);
 109   1              
 110   1              for (i = Length; i > 0; i --)
 111   1              {
 112   2                      LCD_WriteData('0' + Number / LCD_Pow(10, i - 1) % 10); //See why on note
 113   2              }
 114   1      }
 115          
C51 COMPILER V9.54   LCD1602                                                               07/24/2023 00:03:43 PAGE 3   

 116          void LCD_ShowSignedNum(unsigned char Line, unsigned char Column, int Number, unsigned char Length)
 117          {
 118   1              unsigned char i;
 119   1              unsigned int Number1; // This is added for -Numbr might cause overflow int type
 120   1              // Set Location
 121   1              LCD_SetCursor(Line, Column);
 122   1      
 123   1              // Check +-
 124   1              if (Number >= 0)
 125   1              {
 126   2                      LCD_WriteData('+');
 127   2                      Number1 = Number;
 128   2              }
 129   1              else
 130   1              {
 131   2                      LCD_WriteData('-');
 132   2                      Number1 = -Number;
 133   2              }
 134   1              
 135   1              for (i = Length; i > 0; i --)
 136   1              {
 137   2                      LCD_WriteData('0' + Number1 / LCD_Pow(10, i - 1) % 10); //See why on note
 138   2              }
 139   1      
 140   1      }
 141          
 142          void LCD_ShowHexNum(unsigned char Line, unsigned char Column, unsigned int Number, unsigned char Length)
 143          {
 144   1              unsigned char i;
 145   1              unsigned char SingleNumber;
 146   1              
 147   1              // Set Location
 148   1              LCD_SetCursor(Line, Column);
 149   1              
 150   1              for (i = Length; i > 0; i --)
 151   1              {
 152   2                      SingleNumber = Number / LCD_Pow(16, i - 1) % 16;
 153   2                      if (SingleNumber < 10)
 154   2                      {
 155   3                              LCD_WriteData('0' + SingleNumber); 
 156   3                      }
 157   2                      else
 158   2                      {
 159   3                              LCD_WriteData('A' + (SingleNumber % 10));
 160   3                      }
 161   2              }
 162   1      }
 163          
 164          void LCD_ShowBinNum(unsigned char Line, unsigned char Column, unsigned int Number, unsigned char Length)
 165          {
 166   1              unsigned char i;
 167   1              
 168   1              // Set Location
 169   1              LCD_SetCursor(Line, Column);
 170   1              
 171   1              for (i = Length; i > 0; i --)
 172   1              {
 173   2                      LCD_WriteData('0' + Number / LCD_Pow(2, i - 1) % 2); //See why on note
 174   2              }
 175   1      
 176   1      }

C51 COMPILER V9.54   LCD1602                                                               07/24/2023 00:03:43 PAGE 4   


MODULE INFORMATION:   STATIC OVERLAYABLE
   CODE SIZE        =    420    ----
   CONSTANT SIZE    =   ----    ----
   XDATA SIZE       =   ----    ----
   PDATA SIZE       =   ----    ----
   DATA SIZE        =   ----      31
   IDATA SIZE       =   ----    ----
   BIT SIZE         =   ----    ----
END OF MODULE INFORMATION.


C51 COMPILATION COMPLETE.  1 WARNING(S),  0 ERROR(S)
