C51 COMPILER V9.54   MAIN                                                                  06/16/2023 21:50:26 PAGE 1   


C51 COMPILER V9.54, COMPILATION OF MODULE MAIN
OBJECT MODULE PLACED IN .\Objects\main.obj
COMPILER INVOKED BY: C:\Keil5\C51\BIN\C51.EXE main.c OPTIMIZE(8,SPEED) BROWSE DEBUG OBJECTEXTEND PRINT(.\Listings\main.l
                    -st) TABS(2) OBJECT(.\Objects\main.obj)

line level    source

   1          #include <REGX52.H>
   2          #include <INTRINS.H>
   3          
   4          void Delay500ms()   //@11.0592MHz
   5          {
   6   1        unsigned char i, j, k;
   7   1      
   8   1        _nop_();
   9   1        i = 4;
  10   1        j = 129;
  11   1        k = 119;
  12   1        do
  13   1        {
  14   2          do
  15   2          {
  16   3            while (--k);
  17   3          } while (--j);
  18   2        } while (--i);
  19   1      }
  20          
  21          
  22          
  23          void main()
  24          {
  25   1        while(1)
  26   1        {
  27   2          P2 = 0xFE; // 1111 1110
  28   2          Delay500ms();
  29   2          P2 = 0xFD; // 1111 1101
  30   2          Delay500ms();
  31   2          P2 = 0xFB; // 1111 1011
  32   2          Delay500ms();
  33   2          P2 = 0xF7; // 1111 0111
  34   2          Delay500ms();
  35   2          P2 = 0xEF; // 1110 1111
  36   2          Delay500ms();
  37   2          P2 = 0xDF; // 1101 1111
  38   2          Delay500ms();
  39   2          P2 = 0xBF; // 1011 1111
  40   2          Delay500ms();
  41   2          P2 = 0x7F; // 0111 1111
  42   2          Delay500ms();
  43   2        }
  44   1      }


MODULE INFORMATION:   STATIC OVERLAYABLE
   CODE SIZE        =     64    ----
   CONSTANT SIZE    =   ----    ----
   XDATA SIZE       =   ----    ----
   PDATA SIZE       =   ----    ----
   DATA SIZE        =   ----    ----
   IDATA SIZE       =   ----    ----
   BIT SIZE         =   ----    ----
C51 COMPILER V9.54   MAIN                                                                  06/16/2023 21:50:26 PAGE 2   

END OF MODULE INFORMATION.


C51 COMPILATION COMPLETE.  0 WARNING(S),  0 ERROR(S)
