C51 COMPILER V9.54   MAIN                                                                  07/26/2023 00:00:51 PAGE 1   


C51 COMPILER V9.54, COMPILATION OF MODULE MAIN
OBJECT MODULE PLACED IN .\Objects\main.obj
COMPILER INVOKED BY: C:\Keil_v5\C51\BIN\C51.EXE main.c OPTIMIZE(8,SPEED) BROWSE DEBUG OBJECTEXTEND PRINT(.\Listings\main
                    -.lst) OBJECT(.\Objects\main.obj)

line level    source

   1          #include <REGX52.H>
   2          #include "Key.h"
   3          #include "Delay.h"
   4          #include "Timer0.h"
   5          #include "Nixie.h"
   6          
   7          sbit DA = P2^1;
   8          
   9          unsigned char Counter, Compare;
  10          unsigned char i;
  11          
  12          void main()
  13          {
  14   1              Timer0_Init();
  15   1              Compare = 5;
  16   1              while(1)
  17   1              {
  18   2                      for (i = 0; i < 100; i ++)
  19   2                      {
  20   3                              Compare = i;
  21   3                              Delay(10);
  22   3                      }
  23   2                      for (i = 100; i > 0; i --)
  24   2                      {
  25   3                              Compare = i;
  26   3                              Delay(10);                      
  27   3                      }
  28   2              }
  29   1      }
  30          
  31          void Timer0_Routine(void) interrupt 1 // Emter every 100us
  32          {
  33   1              TL0 = 0x9C;             //Initial timer value
  34   1              TH0 = 0xFF;             //Initial timer value
  35   1              
  36   1              Counter ++;
  37   1              Counter %= 100; // Clear when arrving at 100, 0 ~ 99
  38   1              
  39   1              // Compare with Control to perform ON OFF 
  40   1              if (Counter < Compare) // Counter bigger ON for longer?
  41   1                      DA = 1;
  42   1              else
  43   1                      DA = 0;
  44   1      
  45   1      }


MODULE INFORMATION:   STATIC OVERLAYABLE
   CODE SIZE        =     95    ----
   CONSTANT SIZE    =   ----    ----
   XDATA SIZE       =   ----    ----
   PDATA SIZE       =   ----    ----
   DATA SIZE        =      3    ----
   IDATA SIZE       =   ----    ----
C51 COMPILER V9.54   MAIN                                                                  07/26/2023 00:00:51 PAGE 2   

   BIT SIZE         =   ----    ----
END OF MODULE INFORMATION.


C51 COMPILATION COMPLETE.  0 WARNING(S),  0 ERROR(S)
