C51 COMPILER V9.54   MATRIXKEY                                                             06/22/2023 20:50:58 PAGE 1   


C51 COMPILER V9.54, COMPILATION OF MODULE MATRIXKEY
OBJECT MODULE PLACED IN .\Objects\MatrixKey.obj
COMPILER INVOKED BY: C:\Keil5\C51\BIN\C51.EXE MatrixKey.c OPTIMIZE(8,SPEED) BROWSE DEBUG OBJECTEXTEND PRINT(.\Listings\M
                    -atrixKey.lst) OBJECT(.\Objects\MatrixKey.obj)

line level    source

   1          #include <REGX52.H>
   2          #include "Delay.h"
   3          
   4          unsigned char MatrixKey()
   5          {
   6   1              unsigned char KeyNumber = 0;
   7   1              
   8   1              // One Column
   9   1              P1 = 0xFF; // Set all P1 High
  10   1              P1_3 = 0;
  11   1              if (P1_7 == 0){Delay(20); while(P1_7 == 0){} Delay(20); KeyNumber = 1;}
  12   1              if (P1_6 == 0){Delay(20); while(P1_6 == 0){} Delay(20); KeyNumber = 5;}
  13   1              if (P1_5 == 0){Delay(20); while(P1_5 == 0){} Delay(20); KeyNumber = 9;}
  14   1              if (P1_4 == 0){Delay(20); while(P1_4 == 0){} Delay(20); KeyNumber = 13;}
  15   1              
  16   1              // One Column
  17   1              P1 = 0xFF; // Set all P1 High
  18   1              P1_2 = 0;
  19   1              if (P1_7 == 0){Delay(20); while(P1_7 == 0){} Delay(20); KeyNumber = 2;}
  20   1              if (P1_6 == 0){Delay(20); while(P1_6 == 0){} Delay(20); KeyNumber = 6;}
  21   1              if (P1_5 == 0){Delay(20); while(P1_5 == 0){} Delay(20); KeyNumber = 10;}
  22   1              if (P1_4 == 0){Delay(20); while(P1_4 == 0){} Delay(20); KeyNumber = 14;}
  23   1              
  24   1              // One Column
  25   1              P1 = 0xFF; // Set all P1 High
  26   1              P1_1 = 0;
  27   1              if (P1_7 == 0){Delay(20); while(P1_7 == 0){} Delay(20); KeyNumber = 3;}
  28   1              if (P1_6 == 0){Delay(20); while(P1_6 == 0){} Delay(20); KeyNumber = 7;}
  29   1              if (P1_5 == 0){Delay(20); while(P1_5 == 0){} Delay(20); KeyNumber = 11;}
  30   1              if (P1_4 == 0){Delay(20); while(P1_4 == 0){} Delay(20); KeyNumber = 15;}
  31   1              
  32   1              // One Column
  33   1              P1 = 0xFF; // Set all P1 High
  34   1              P1_0 = 0;
  35   1              if (P1_7 == 0){Delay(20); while(P1_7 == 0){} Delay(20); KeyNumber = 4;}
  36   1              if (P1_6 == 0){Delay(20); while(P1_6 == 0){} Delay(20); KeyNumber = 8;}
  37   1              if (P1_5 == 0){Delay(20); while(P1_5 == 0){} Delay(20); KeyNumber = 12;}
  38   1              if (P1_4 == 0){Delay(20); while(P1_4 == 0){} Delay(20); KeyNumber = 16;}
  39   1              
  40   1              return KeyNumber;
  41   1      }


MODULE INFORMATION:   STATIC OVERLAYABLE
   CODE SIZE        =    393    ----
   CONSTANT SIZE    =   ----    ----
   XDATA SIZE       =   ----    ----
   PDATA SIZE       =   ----    ----
   DATA SIZE        =   ----       1
   IDATA SIZE       =   ----    ----
   BIT SIZE         =   ----    ----
END OF MODULE INFORMATION.


C51 COMPILATION COMPLETE.  0 WARNING(S),  0 ERROR(S)
