C51 COMPILER V9.54   MAIN                                                                  06/19/2023 21:26:14 PAGE 1   


C51 COMPILER V9.54, COMPILATION OF MODULE MAIN
OBJECT MODULE PLACED IN .\Objects\main.obj
COMPILER INVOKED BY: C:\Keil5\C51\BIN\C51.EXE main.c OPTIMIZE(8,SPEED) BROWSE DEBUG OBJECTEXTEND PRINT(.\Listings\main.l
                    -st) OBJECT(.\Objects\main.obj)

line level    source

   1          #include <REGX52.H>
   2          #include <INTRINS.H>
   3          
   4          void Delay(unsigned int xms);
   5          
   6          
   7          void main()
   8          {
   9   1              unsigned char LEDNum;
  10   1              P2 = ~0x01;
  11   1      
  12   1      
  13   1              while(1)
  14   1              {
  15   2                      // Move right
  16   2                      if (P3_0 == 0)
  17   2                      {
  18   3                              Delay(20);
  19   3                              while (P3_0 == 0){}
  20   3                              Delay(20);
  21   3                              
  22   3                              LEDNum ++;
  23   3                              if (LEDNum >= 8){LEDNum = 0;}
  24   3                              P2 = ~(0x01 << LEDNum); // Note take reverse to let LED light up.
  25   3                      }
  26   2                                      // Move right
  27   2                      if (P3_1 == 0)
  28   2                      {
  29   3                              Delay(20);
  30   3                              while (P3_1 == 0){}
  31   3                              Delay(20);
  32   3                              
  33   3                              if (LEDNum == 0){LEDNum = 7;} // This to avoid wrap around unsigned
  34   3                              else {LEDNum --;}
  35   3                              P2 = ~(0x01 << LEDNum); // Note take reverse to let LED light up.
  36   3                      }
  37   2              }
  38   1              
  39   1              
  40   1      }
  41          
  42          
  43          void Delay(unsigned int xms)            //@11.0592MHz
  44          {
  45   1              unsigned char i, j;
  46   1              
  47   1              while (xms --)
  48   1              {
  49   2                      _nop_();
  50   2                      i = 2;
  51   2                      j = 199;
  52   2                      do
  53   2                      {
  54   3                              while (--j);
C51 COMPILER V9.54   MAIN                                                                  06/19/2023 21:26:14 PAGE 2   

  55   3                      } while (--i);
  56   2              }
  57   1      }


MODULE INFORMATION:   STATIC OVERLAYABLE
   CODE SIZE        =    110    ----
   CONSTANT SIZE    =   ----    ----
   XDATA SIZE       =   ----    ----
   PDATA SIZE       =   ----    ----
   DATA SIZE        =   ----       1
   IDATA SIZE       =   ----    ----
   BIT SIZE         =   ----    ----
END OF MODULE INFORMATION.


C51 COMPILATION COMPLETE.  0 WARNING(S),  0 ERROR(S)
