C51 COMPILER V9.54   AT24C02                                                               07/23/2023 17:03:50 PAGE 1   


C51 COMPILER V9.54, COMPILATION OF MODULE AT24C02
OBJECT MODULE PLACED IN .\Objects\AT24C02.obj
COMPILER INVOKED BY: C:\Keil_v5\C51\BIN\C51.EXE AT24C02.c OPTIMIZE(8,SPEED) BROWSE DEBUG OBJECTEXTEND PRINT(.\Listings\A
                    -T24C02.lst) OBJECT(.\Objects\AT24C02.obj)

line level    source

   1          #include <REGX52.H>
   2          #include "I2C.h"
   3          
   4          // Writec Address
   5          #define AT24C02_ADDRESS         0xA0
   6          
   7          
   8          /**
   9           * @brief Write a byte into AT24C02
  10           * @param[in] WordAddress Where to write
  11           * @param[in] Data What to write
  12           * @retval None
  13           */
  14          void AT24C02_WriteByte(unsigned char WordAddress, Data)
  15          {
  16   1              I2C_Start();
  17   1              
  18   1              I2C_SendByte(AT24C02_ADDRESS);
  19   1              I2C_RecieveAck();
  20   1              
  21   1              I2C_SendByte(WordAddress);
  22   1              I2C_RecieveAck();
  23   1              
  24   1              I2C_SendByte(Data);
  25   1              I2C_RecieveAck();
  26   1              
  27   1              I2C_Stop();
  28   1      }
  29          
  30          
  31          /**
  32           * @brief Read a byte from AT24C02
  33           * @param[in] WordAddress Where to get data from
  34           * @retval Data Data retrieved
  35           */
  36          unsigned char AT24C02_ReadByte(unsigned char WordAddress)
  37          {
  38   1              unsigned char Data;
  39   1              
  40   1              // Send info
  41   1              I2C_Start();
  42   1              
  43   1              I2C_SendByte(AT24C02_ADDRESS);
  44   1              I2C_RecieveAck();
  45   1              
  46   1              I2C_SendByte(WordAddress);
  47   1              I2C_RecieveAck();
  48   1              
  49   1              // Second Part
  50   1              I2C_Start();
  51   1              
  52   1              I2C_SendByte(AT24C02_ADDRESS|0x01); // Recieving Address
  53   1              I2C_RecieveAck();
  54   1              
C51 COMPILER V9.54   AT24C02                                                               07/23/2023 17:03:50 PAGE 2   

  55   1              Data = I2C_RecieveByte();
  56   1              I2C_SendAck(1); //Dont send anymore
  57   1              
  58   1              I2C_Stop();
  59   1              
  60   1              return Data;
  61   1      }


MODULE INFORMATION:   STATIC OVERLAYABLE
   CODE SIZE        =     84    ----
   CONSTANT SIZE    =   ----    ----
   XDATA SIZE       =   ----    ----
   PDATA SIZE       =   ----    ----
   DATA SIZE        =   ----       5
   IDATA SIZE       =   ----    ----
   BIT SIZE         =   ----    ----
END OF MODULE INFORMATION.


C51 COMPILATION COMPLETE.  0 WARNING(S),  0 ERROR(S)
