C51 COMPILER V9.54   I2C                                                                   07/23/2023 17:03:51 PAGE 1   


C51 COMPILER V9.54, COMPILATION OF MODULE I2C
OBJECT MODULE PLACED IN .\Objects\I2C.obj
COMPILER INVOKED BY: C:\Keil_v5\C51\BIN\C51.EXE I2C.c OPTIMIZE(8,SPEED) BROWSE DEBUG OBJECTEXTEND PRINT(.\Listings\I2C.l
                    -st) OBJECT(.\Objects\I2C.obj)

line level    source

   1          #include <REGX52.H>
   2          
   3          sbit I2C_SCL = P2^1;
   4          sbit I2C_SDA = P2^0;
   5          
   6          /**
   7           * @brief I2C Begin
   8           * @param None 
   9           * @retval None
  10           */
  11          void I2C_Start()
  12          {
  13   1              // Refer to note
  14   1              I2C_SDA = 1; // SDA can be 1/0, so make sure it is 1
  15   1              I2C_SCL = 1; // End of every sentence is 0 so need to manual set 1
  16   1              
  17   1              I2C_SDA = 0; 
  18   1              I2C_SCL = 0;
  19   1      
  20   1      }
  21          
  22          /**
  23           * @brief I2C Stop
  24           * @param None
  25           * @retval None
  26           */
  27          void I2C_Stop()
  28          {
  29   1              // Refer to note
  30   1              I2C_SDA = 0; // SDA can be 1/0, so make sure it is 0
  31   1              // No need to set SCL because every word ends with 0 SCL
  32   1              
  33   1              I2C_SCL = 1;
  34   1              I2C_SDA = 1; 
  35   1              
  36   1      }
  37          
  38          /**
  39           * @brief I2C Send one byte to sub
  40           * @param[in] Byte Byte to be send
  41           * @retval None
  42           */
  43          void I2C_SendByte(unsigned char Byte)
  44          {
  45   1              unsigned char i;
  46   1              
  47   1              for (i = 0; i < 8; i ++)
  48   1              {
  49   2                      // Write one bit
  50   2                      I2C_SDA = Byte&(0x80 >> i);
  51   2              
  52   2                      I2C_SCL = 1;
  53   2                      // No need delay, max is 1000 kHz
  54   2                      // Write time is 5ms, however
C51 COMPILER V9.54   I2C                                                                   07/23/2023 17:03:51 PAGE 2   

  55   2                      I2C_SCL = 0;
  56   2              }
  57   1      }
  58          
  59          /**
  60           * @brief I2C recieve one byte from sub
  61           * @param None
  62           * @retval Byte the byte recieved by dom
  63           */
  64          unsigned char I2C_RecieveByte()
  65          {
  66   1              unsigned char Byte = 0x00;
  67   1              unsigned char i;
  68   1              I2C_SDA = 1; // dom release I2C
  69   1              
  70   1              for (i = 0; i < 8; i ++)
  71   1              {
  72   2                      // Read one bit
  73   2                      I2C_SCL = 1;
  74   2                      if(I2C_SDA){Byte|=(0x80 >> i);}
  75   2                      I2C_SCL = 0;
  76   2              }
  77   1              return Byte;
  78   1      }
  79          
  80          /**
  81           * @brief I2C Send Send Aknowledgment
  82           * @param[in] What to send, 0/1, yes(0) or no(1)
  83           * @retval None
  84           */
  85          void I2C_SendAck(unsigned char AckBit)
  86          {
  87   1              I2C_SDA = AckBit;
  88   1              
  89   1              I2C_SCL = 1;
  90   1              I2C_SCL = 0;
  91   1      }
  92          
  93          /**
  94           * @brief I2C dom recieve Aknowledgment from sub
  95           * @param None 
  96           * @retval AckBit Aknowledment sent by sub
  97           */
  98          unsigned char I2C_RecieveAck()
  99          {
 100   1              unsigned char AckBit;
 101   1              I2C_SDA = 1; // Master release
 102   1              
 103   1              // Recieve from sub
 104   1              I2C_SCL = 1;
 105   1              AckBit = I2C_SDA; // one bit to 8bit conversion
 106   1              I2C_SCL = 0;
 107   1              
 108   1              return AckBit;
 109   1      }


MODULE INFORMATION:   STATIC OVERLAYABLE
   CODE SIZE        =    109    ----
   CONSTANT SIZE    =   ----    ----
   XDATA SIZE       =   ----    ----
   PDATA SIZE       =   ----    ----
C51 COMPILER V9.54   I2C                                                                   07/23/2023 17:03:51 PAGE 3   

   DATA SIZE        =   ----    ----
   IDATA SIZE       =   ----    ----
   BIT SIZE         =   ----    ----
END OF MODULE INFORMATION.


C51 COMPILATION COMPLETE.  0 WARNING(S),  0 ERROR(S)
