C51 COMPILER V9.54   MAIN                                                                  07/23/2023 17:23:50 PAGE 1   


C51 COMPILER V9.54, COMPILATION OF MODULE MAIN
OBJECT MODULE PLACED IN .\Objects\main.obj
COMPILER INVOKED BY: C:\Keil_v5\C51\BIN\C51.EXE main.c OPTIMIZE(8,SPEED) BROWSE DEBUG OBJECTEXTEND PRINT(.\Listings\main
                    -.lst) OBJECT(.\Objects\main.obj)

line level    source

   1          #include <REGX52.H>
   2          #include "LCD1602.h"
   3          #include "DS18B20.h"
   4          #include "Delay.h"
   5          #include "AT24C02.h"
   6          #include "Key.h"
   7          #include "Timer0.h"
   8          
   9          
  10          float T, TShow;
  11          char TLow, THigh;
  12          unsigned char KeyNum;
  13          
  14          void main()
  15          {
  16   1              DS18B20_ConvertT();
  17   1              Delay(1000);
  18   1              // Set Defalt LOW HIGH
  19   1              THigh = AT24C02_ReadByte(0);
  20   1              TLow = AT24C02_ReadByte(1);
  21   1              if (THigh > 125 || TLow < -55 || THigh <= TLow)
  22   1              {
  23   2                      THigh = 20;
  24   2                      TLow = 15;
  25   2              }
  26   1              
  27   1              LCD_Init();
  28   1              LCD_ShowString(1, 1, "T:");
  29   1              LCD_ShowString(2, 1, "TH:");
  30   1              LCD_ShowString(2, 9, "TL:");    
  31   1              LCD_ShowSignedNum(2, 4, THigh, 3);
  32   1              LCD_ShowSignedNum(2, 12, TLow, 3);
  33   1              Timer0_Init();
  34   1              
  35   1              while(1)
  36   1              {       
  37   2                      KeyNum = Key();
  38   2                      /*Read And Show Temp*/
  39   2                      DS18B20_ConvertT();
  40   2                      T = DS18B20_ReadT();
  41   2                      
  42   2                      // Show Sign
  43   2                      if (T < 0)
  44   2                      {
  45   3                              LCD_ShowChar(1, 3, '-');
  46   3                              TShow = -T;
  47   3                      }
  48   2                      else
  49   2                      {
  50   3                              LCD_ShowChar(1, 3, '+');
  51   3                              TShow = T;
  52   3                      }
  53   2                      // Show Value
  54   2                      LCD_ShowNum(1, 4, TShow, 3);
C51 COMPILER V9.54   MAIN                                                                  07/23/2023 17:23:50 PAGE 2   

  55   2                      LCD_ShowChar(1, 7, '.');
  56   2                      LCD_ShowNum(1, 8, (unsigned long)(TShow*100)%100, 2);
  57   2                      
  58   2                      /*MinMax Temp Decide and Display*/
  59   2                      if (KeyNum)
  60   2                      {
  61   3                              if (KeyNum == 1) {THigh ++; if(THigh > 125){THigh = 125;}} // Check Max
  62   3                              if (KeyNum == 2) {THigh --; if(THigh <= TLow){THigh ++;}} // Bigger than Min, redo
  63   3                              if (KeyNum == 3) {TLow ++;  if(TLow >= THigh){TLow --;}} // Smaller than Max, redo
  64   3                              if (KeyNum == 4) {TLow --;  if(TLow < -55){TLow = -55;}} // Check Min   
  65   3                              // Display update
  66   3                              LCD_ShowSignedNum(2, 4, THigh, 3);
  67   3                              LCD_ShowSignedNum(2, 12, TLow, 3);
  68   3                              
  69   3                              // Save to AT24C02
  70   3                              AT24C02_WriteByte(0, THigh);
  71   3                              Delay(5);
  72   3                              AT24C02_WriteByte(1, TLow);
  73   3                              Delay(5);
  74   3                      }
  75   2                      
  76   2                      /*Show Warning*/
  77   2                      if (T > THigh)
  78   2                      {
  79   3                              LCD_ShowString(1, 13, "OV:H");
  80   3                      }
  81   2                      else if (T < TLow)
  82   2                      {
  83   3                              LCD_ShowString(1, 13, "OV:L");
  84   3                      }
  85   2                      else
  86   2                      {
  87   3                              LCD_ShowString(1, 13, "    ");
  88   3                      }
  89   2                      
  90   2              }
  91   1      }
  92          
  93          void Timer0_Routine(void) interrupt 1
  94          {
  95   1              static unsigned int T0Count; // Static is not destroyed
  96   1              // Fix the initialization back
  97   1              TL0 = 0x66;             //Initial timer value
  98   1              TH0 = 0xFC;             //Initial timer value
  99   1              
 100   1              T0Count ++;
 101   1              if (T0Count >= 20) // 20ms per
 102   1              {
 103   2                      T0Count = 0;
 104   2                      Key_Loop();
 105   2              }
 106   1      }


MODULE INFORMATION:   STATIC OVERLAYABLE
   CODE SIZE        =    629    ----
   CONSTANT SIZE    =     26    ----
   XDATA SIZE       =   ----    ----
   PDATA SIZE       =   ----    ----
   DATA SIZE        =     13    ----
   IDATA SIZE       =   ----    ----
   BIT SIZE         =   ----    ----
C51 COMPILER V9.54   MAIN                                                                  07/23/2023 17:23:50 PAGE 3   

END OF MODULE INFORMATION.


C51 COMPILATION COMPLETE.  0 WARNING(S),  0 ERROR(S)
