C51 COMPILER V9.54   ONEWIRE                                                               07/23/2023 17:29:11 PAGE 1   


C51 COMPILER V9.54, COMPILATION OF MODULE ONEWIRE
OBJECT MODULE PLACED IN .\Objects\OneWire.obj
COMPILER INVOKED BY: C:\Keil_v5\C51\BIN\C51.EXE OneWire.c OPTIMIZE(8,SPEED) BROWSE DEBUG OBJECTEXTEND PRINT(.\Listings\O
                    -neWire.lst) OBJECT(.\Objects\OneWire.obj)

line level    source

   1          #include <REGX52.H>
   2          #include <INTRINS.H>
   3          
   4          sbit OneWire_DQ = P3^7;
   5          
   6          unsigned char OneWire_Init()
   7          {
   8   1              unsigned char i;
   9   1              unsigned char AckBit;
  10   1              
  11   1              EA = 0; // !!!!!!! Turn off all Interupts
  12   1              
  13   1              OneWire_DQ = 1; // Make into 1 first
  14   1              
  15   1              // DOM pull down DQ and release
  16   1              OneWire_DQ = 0; // Enter Init
  17   1                      
  18   1              // Delay 500us(480)
  19   1              _nop_();
  20   1              i = 227;
  21   1              while (--i);
  22   1              
  23   1              OneWire_DQ = 1;
  24   1              
  25   1              // SUB Pull DOwn And Release
  26   1              // Delay 70 us
  27   1              _nop_();
  28   1              i = 29;
  29   1              while (--i);
  30   1              
  31   1              AckBit = OneWire_DQ; // Store Ack
  32   1              
  33   1              // Delay 500us(480) till cycle complete
  34   1              _nop_();
  35   1              i = 227;
  36   1              while (--i);
  37   1              
  38   1              EA = 1; // !!!!!!! Turn on all Interupts
  39   1              return AckBit;
  40   1      }
  41          
  42          void OneWire_SendBit(unsigned char Bit)
  43          {
  44   1              unsigned char i;
  45   1              EA = 0;
  46   1              OneWire_DQ = 0; // Restore, Begin
  47   1              
  48   1              // Delay 14 us - 4 = 10 // Call function takes 4 us
  49   1              _nop_();
  50   1              i = 3;
  51   1              while (--i);
  52   1              
  53   1              // IF 
  54   1              OneWire_DQ = Bit; // Dependingon input, let go or not
C51 COMPILER V9.54   ONEWIRE                                                               07/23/2023 17:29:11 PAGE 2   

  55   1              // Decide what to send
  56   1              
  57   1              // Delay 54us - 4 = 50
  58   1              _nop_();
  59   1              i = 22;
  60   1              while (--i);
  61   1              
  62   1              OneWire_DQ = 1;
  63   1              EA = 1;
  64   1      }
  65          
  66          
  67          unsigned char OneWire_RecieveBit()
  68          {
  69   1              unsigned char Bit;
  70   1              unsigned char i;
  71   1              EA = 0;
  72   1              OneWire_DQ = 0; // Init
  73   1              
  74   1              // Delay 5us (9us)
  75   1              _nop_();
  76   1              i = 1;
  77   1              while (--i);
  78   1              
  79   1              OneWire_DQ = 1;
  80   1              
  81   1              // Delay 5us (9us)
  82   1              _nop_();
  83   1              i = 1;
  84   1              while (--i);
  85   1              
  86   1              // Read
  87   1              Bit = OneWire_DQ;
  88   1              
  89   1              // Delay 54us - 4 = 50
  90   1              _nop_();
  91   1              i = 22;
  92   1              while (--i);
  93   1              
  94   1              // OneWire_DQ = 1; SUB will do this
  95   1              
  96   1              EA = 1;
  97   1              return Bit;
  98   1      }
  99          
 100          void OneWire_SendByte(unsigned char Byte)
 101          {
 102   1              unsigned char i;
 103   1              for (i = 0; i < 8; i ++)
 104   1              {
 105   2                      OneWire_SendBit(Byte&(0x01 << i));
 106   2              }
 107   1      }
 108          
 109          unsigned char OneWire_RecieveByte()
 110          {
 111   1                      unsigned char i, Byte = 0x00;
 112   1              for (i = 0; i < 8; i ++)
 113   1              {
 114   2                      if (OneWire_RecieveBit()){Byte |= (0x01 << i);}
 115   2              }
 116   1              
C51 COMPILER V9.54   ONEWIRE                                                               07/23/2023 17:29:11 PAGE 3   

 117   1              return Byte;
 118   1      }


MODULE INFORMATION:   STATIC OVERLAYABLE
   CODE SIZE        =    142    ----
   CONSTANT SIZE    =   ----    ----
   XDATA SIZE       =   ----    ----
   PDATA SIZE       =   ----    ----
   DATA SIZE        =   ----    ----
   IDATA SIZE       =   ----    ----
   BIT SIZE         =   ----    ----
END OF MODULE INFORMATION.


C51 COMPILATION COMPLETE.  0 WARNING(S),  0 ERROR(S)
