C51 COMPILER V9.54   MAIN                                                                  06/24/2023 00:13:53 PAGE 1   


C51 COMPILER V9.54, COMPILATION OF MODULE MAIN
OBJECT MODULE PLACED IN .\Objects\main.obj
COMPILER INVOKED BY: C:\Keil5\C51\BIN\C51.EXE main.c OPTIMIZE(8,SPEED) BROWSE DEBUG OBJECTEXTEND PRINT(.\Listings\main.l
                    -st) OBJECT(.\Objects\main.obj)

line level    source

   1          #include <REGX52.H>
   2          #include "Timer0.h"
   3          #include "LCD1602.h"
   4          #include "Delay.h"
   5          
   6          unsigned char Sec, Min, Hour;
   7          
   8          void main()
   9          {
  10   1              LCD_Init();
  11   1              Timer0Init();
  12   1              LCD_ShowString(1, 1, "Clock:");
  13   1              LCD_ShowString(2, 3, ":");
  14   1              LCD_ShowString(2, 6, ":");
  15   1              while(1)
  16   1              {
  17   2                      LCD_ShowNum(2, 1, Hour, 2);
  18   2                      LCD_ShowNum(2, 4, Min, 2);
  19   2                      LCD_ShowNum(2, 7, Sec, 2);
  20   2              }
  21   1      }
  22          
  23          
  24          
  25          void Timer0_Routine(void) interrupt 1
  26          {
  27   1              static unsigned int T0Count; // Static is not destroyed
  28   1              // Fix the initialization back
  29   1              TL0 = 0x66;             //Initial timer value
  30   1              TH0 = 0xFC;             //Initial timer value
  31   1              
  32   1              T0Count ++;
  33   1              if (T0Count >= 1000) // 1s
  34   1              {
  35   2                      T0Count = 0;
  36   2                      Sec ++;
  37   2                      if (Sec >= 60)
  38   2                      {
  39   3                              Sec = 0;
  40   3                              Min ++;
  41   3                              if (Min >= 60)
  42   3                              {
  43   4                                      Min = 0;
  44   4                                      Hour ++;
  45   4                                      if (Hour >= 24)
  46   4                                      {
  47   5                                              Hour = 0;
  48   5                                      }
  49   4                              }
  50   3                      }
  51   2      
  52   2              }
  53   1      }

C51 COMPILER V9.54   MAIN                                                                  06/24/2023 00:13:53 PAGE 2   


MODULE INFORMATION:   STATIC OVERLAYABLE
   CODE SIZE        =    163    ----
   CONSTANT SIZE    =      9    ----
   XDATA SIZE       =   ----    ----
   PDATA SIZE       =   ----    ----
   DATA SIZE        =      5    ----
   IDATA SIZE       =   ----    ----
   BIT SIZE         =   ----    ----
END OF MODULE INFORMATION.


C51 COMPILATION COMPLETE.  0 WARNING(S),  0 ERROR(S)
