C51 COMPILER V9.54   MAIN                                                                  06/19/2023 22:30:09 PAGE 1   


C51 COMPILER V9.54, COMPILATION OF MODULE MAIN
OBJECT MODULE PLACED IN .\Objects\main.obj
COMPILER INVOKED BY: C:\Keil5\C51\BIN\C51.EXE main.c OPTIMIZE(8,SPEED) BROWSE DEBUG OBJECTEXTEND PRINT(.\Listings\main.l
                    -st) OBJECT(.\Objects\main.obj)

line level    source

   1          #include <REGX52.H>
   2          
   3          unsigned char NixieTable[] = {0x3F, 0x06, 0x5B, 0x4F, 0x66, 0x6D, 0x7D, 0x07, 0x7F, 0x6F, 0x77, 0x7c,0x39,
             - 0x5E, 0x79, 0x71};
   4          void Nixie(unsigned char Location, unsigned char Number)
   5          {
   6   1              switch(Location)
   7   1              {
   8   2                      case 1: P2_4 = 1; P2_3 = 1; P2_2 = 1; break;
   9   2                      case 2: P2_4 = 1; P2_3 = 1; P2_2 = 0; break;
  10   2                      case 3: P2_4 = 1; P2_3 = 0; P2_2 = 1; break;
  11   2                      case 4: P2_4 = 1; P2_3 = 0; P2_2 = 0; break;
  12   2                      case 5: P2_4 = 0; P2_3 = 1; P2_2 = 1; break;
  13   2                      case 6: P2_4 = 0; P2_3 = 1; P2_2 = 0; break;
  14   2                      case 7: P2_4 = 0; P2_3 = 0; P2_2 = 1; break;
  15   2                      case 8: P2_4 = 0; P2_3 = 0; P2_2 = 0; break;            
  16   2              }
  17   1              P0 = NixieTable[Number];
  18   1      }
  19          
  20          void main()
  21          {
  22   1              Nixie(5, 10);
  23   1              while(1)
  24   1              {
  25   2                      
  26   2              }
  27   1      }


MODULE INFORMATION:   STATIC OVERLAYABLE
   CODE SIZE        =    108    ----
   CONSTANT SIZE    =   ----    ----
   XDATA SIZE       =   ----    ----
   PDATA SIZE       =   ----    ----
   DATA SIZE        =     16    ----
   IDATA SIZE       =   ----    ----
   BIT SIZE         =   ----    ----
END OF MODULE INFORMATION.


C51 COMPILATION COMPLETE.  0 WARNING(S),  0 ERROR(S)
