C51 COMPILER V9.54   MATRIXKEY                                                             06/22/2023 23:13:06 PAGE 1   


C51 COMPILER V9.54, COMPILATION OF MODULE MATRIXKEY
OBJECT MODULE PLACED IN .\Objects\MatrixKey.obj
COMPILER INVOKED BY: C:\Keil5\C51\BIN\C51.EXE MatrixKey.c OPTIMIZE(8,SPEED) BROWSE DEBUG OBJECTEXTEND PRINT(.\Listings\M
                    -atrixKey.lst) OBJECT(.\Objects\MatrixKey.obj)

line level    source

   1          #include <REGX52.H>
   2          #include "Delay.h"
   3          
   4          /**
   5          * @brief Matrix Keyboard Read key number when pressed and released
   6          * @param None
   7          * @retval Key number, if none pressed, return 0
   8          * if not bottom is not released stay in this function
   9          **/
  10          unsigned char MatrixKey()
  11          {
  12   1              unsigned char KeyNumber = 0;
  13   1              
  14   1              // One Column
  15   1              P1 = 0xFF; // Set all P1 High
  16   1              P1_3 = 0;
  17   1              if (P1_7 == 0){Delay(20); while(P1_7 == 0){} Delay(20); KeyNumber = 1;}
  18   1              if (P1_6 == 0){Delay(20); while(P1_6 == 0){} Delay(20); KeyNumber = 5;}
  19   1              if (P1_5 == 0){Delay(20); while(P1_5 == 0){} Delay(20); KeyNumber = 9;}
  20   1              if (P1_4 == 0){Delay(20); while(P1_4 == 0){} Delay(20); KeyNumber = 13;}
  21   1              
  22   1              // One Column
  23   1              P1 = 0xFF; // Set all P1 High
  24   1              P1_2 = 0;
  25   1              if (P1_7 == 0){Delay(20); while(P1_7 == 0){} Delay(20); KeyNumber = 2;}
  26   1              if (P1_6 == 0){Delay(20); while(P1_6 == 0){} Delay(20); KeyNumber = 6;}
  27   1              if (P1_5 == 0){Delay(20); while(P1_5 == 0){} Delay(20); KeyNumber = 10;}
  28   1              if (P1_4 == 0){Delay(20); while(P1_4 == 0){} Delay(20); KeyNumber = 14;}
  29   1              
  30   1              // One Column
  31   1              P1 = 0xFF; // Set all P1 High
  32   1              P1_1 = 0;
  33   1              if (P1_7 == 0){Delay(20); while(P1_7 == 0){} Delay(20); KeyNumber = 3;}
  34   1              if (P1_6 == 0){Delay(20); while(P1_6 == 0){} Delay(20); KeyNumber = 7;}
  35   1              if (P1_5 == 0){Delay(20); while(P1_5 == 0){} Delay(20); KeyNumber = 11;}
  36   1              if (P1_4 == 0){Delay(20); while(P1_4 == 0){} Delay(20); KeyNumber = 15;}
  37   1              
  38   1              // One Column
  39   1              P1 = 0xFF; // Set all P1 High
  40   1              P1_0 = 0;
  41   1              if (P1_7 == 0){Delay(20); while(P1_7 == 0){} Delay(20); KeyNumber = 4;}
  42   1              if (P1_6 == 0){Delay(20); while(P1_6 == 0){} Delay(20); KeyNumber = 8;}
  43   1              if (P1_5 == 0){Delay(20); while(P1_5 == 0){} Delay(20); KeyNumber = 12;}
  44   1              if (P1_4 == 0){Delay(20); while(P1_4 == 0){} Delay(20); KeyNumber = 16;}
  45   1              
  46   1              return KeyNumber;
  47   1      }


MODULE INFORMATION:   STATIC OVERLAYABLE
   CODE SIZE        =    393    ----
   CONSTANT SIZE    =   ----    ----
   XDATA SIZE       =   ----    ----
   PDATA SIZE       =   ----    ----
C51 COMPILER V9.54   MATRIXKEY                                                             06/22/2023 23:13:06 PAGE 2   

   DATA SIZE        =   ----       1
   IDATA SIZE       =   ----    ----
   BIT SIZE         =   ----    ----
END OF MODULE INFORMATION.


C51 COMPILATION COMPLETE.  0 WARNING(S),  0 ERROR(S)
