C51 COMPILER V9.54   TIMER0                                                                07/26/2023 23:51:55 PAGE 1   


C51 COMPILER V9.54, COMPILATION OF MODULE TIMER0
OBJECT MODULE PLACED IN .\Objects\Timer0.obj
COMPILER INVOKED BY: C:\Keil_v5\C51\BIN\C51.EXE Timer0.c OPTIMIZE(8,SPEED) BROWSE DEBUG OBJECTEXTEND PRINT(.\Listings\Ti
                    -mer0.lst) OBJECT(.\Objects\Timer0.obj)

line level    source

   1          #include <REGX52.H>
   2          
   3          /**
   4           * @brief Initialization of Timer 0, 1ms
   5           * @param None
   6           * @retval None
   7           */
   8          void Timer0_Init()
   9          {
  10   1              // Set up TMOD
  11   1              // x,x,x,x;  Gate, C/T, M1, M0
  12   1              // 0,0,0,0;  0,  , 0  , 0 , 1 
  13   1              // 0000 0001
  14   1                      //TMOD = 0x01;
  15   1              TMOD = TMOD&0xF0; // Clear the low 4-bit of T Mode, high 4 stay same
  16   1              TMOD = TMOD|0X01; // Change low 4 to 0001
  17   1              
  18   1              // Set up TCON (Can be done by bit)
  19   1              TF0 = 0; // Clear the overflow flag
  20   1              TR0 = 0; // COUNTER NOT WORK
  21   1              // No need to set up IE0 and IT0 because OR gate
  22   1              
  23   1              // Pulse Counter, how long to 1s
  24   1              // Counter allow 0 ~ 65535
  25   1              // Every 1us count +1
  26   1              // Max time can count is 65535us
  27   1              // Initialy we set counter 64535 => 1000us = 1ms
  28   1              // So
  29   1              
  30   1              TL0 = 0;                //Initial timer value
  31   1              TH0 = 0;                //Initial timer value
  32   1      }
  33          
  34          
  35          void Timer0_SetCounter(unsigned int Value)
  36          {
  37   1              TH0 = Value / 256;
  38   1              TL0 = Value % 256;
  39   1      }
  40          
  41          unsigned int Timer0_GetCounter()
  42          {
  43   1              return (TH0 << 8) | TL0;
  44   1      }
  45          
  46          void Timer0_Run(unsigned char Flag)
  47          {
  48   1              TR0 = Flag;
  49   1      }


MODULE INFORMATION:   STATIC OVERLAYABLE
   CODE SIZE        =     42    ----
   CONSTANT SIZE    =   ----    ----
C51 COMPILER V9.54   TIMER0                                                                07/26/2023 23:51:55 PAGE 2   

   XDATA SIZE       =   ----    ----
   PDATA SIZE       =   ----    ----
   DATA SIZE        =   ----    ----
   IDATA SIZE       =   ----    ----
   BIT SIZE         =   ----    ----
END OF MODULE INFORMATION.


C51 COMPILATION COMPLETE.  0 WARNING(S),  0 ERROR(S)
